# JRE version: OpenJDK Runtime Environment Temurin-21.0.11+10 (21.0.11+10) (build 21.0.11+10-LTS)
# Java VM: OpenJDK 64-Bit Server VM Temurin-21.0.11+10 (21.0.11+10-LTS, mixed mode, sharing, tiered, compressed oops, compressed class ptrs, g1 gc, windows-amd64)
GC Precious Log:
 CardTable entry size: 512
 Card Set container configuration: InlinePtr #cards 5 size 8 Array Of Cards #cards 12 size 40 Howl #buckets 4 coarsen threshold 1843 Howl Bitmap #cards 512 size 80 coarsen threshold 460 Card regions per heap region 1 cards per card region 2048
 CPUs: 12 total, 12 available
 Memory: 14181M
 Large Page Support: Disabled
 NUMA Support: Disabled
 Compressed Oops: Enabled (32-bit)
 Heap Region Size: 1M
 Heap Min Capacity: 8M
 Heap Initial Capacity: 222M
 Heap Max Capacity: 1536M
 Pre-touch: Disabled
 Parallel Workers: 10
 Concurrent Workers: 3
 Concurrent Refinement Workers: 10
 Periodic GC: Disabled
Heap:
 garbage-first heap   total 153600K, used 112955K [0x00000000a0000000, 0x0000000100000000)
  region size 1024K, 29 young (29696K), 6 survivors (6144K)
 Metaspace       used 76361K, committed 78464K, reserved 1179648K
  class space    used 10820K, committed 11840K, reserved 1048576K
GC Heap History (20 events):
Event: 12.782 GC heap before
{Heap before GC invocations=15 (full 0):
 garbage-first heap   total 108544K, used 94358K [0x00000000a0000000, 0x0000000100000000)
  region size 1024K, 45 young (46080K), 4 survivors (4096K)
 Metaspace       used 50295K, committed 51968K, reserved 1114112K
  class space    used 7244K, committed 8064K, reserved 1048576K
}
Event: 12.786 GC heap after
{Heap after GC invocations=16 (full 0):
 garbage-first heap   total 108544K, used 54305K [0x00000000a0000000, 0x0000000100000000)
  region size 1024K, 5 young (5120K), 5 survivors (5120K)
 Metaspace       used 50295K, committed 51968K, reserved 1114112K
  class space    used 7244K, committed 8064K, reserved 1048576K
}
Event: 13.591 GC heap before
{Heap before GC invocations=16 (full 0):
 garbage-first heap   total 108544K, used 102433K [0x00000000a0000000, 0x0000000100000000)
  region size 1024K, 46 young (47104K), 5 survivors (5120K)
 Metaspace       used 51951K, committed 53696K, reserved 1114112K
  class space    used 7478K, committed 8320K, reserved 1048576K
}
Event: 13.599 GC heap after
{Heap after GC invocations=17 (full 0):
 garbage-first heap   total 141312K, used 67467K [0x00000000a0000000, 0x0000000100000000)
  region size 1024K, 6 young (6144K), 6 survivors (6144K)
 Metaspace       used 51951K, committed 53696K, reserved 1114112K
  class space    used 7478K, committed 8320K, reserved 1048576K
}
Event: 14.679 GC heap before
{Heap before GC invocations=17 (full 0):
 garbage-first heap   total 141312K, used 120715K [0x00000000a0000000, 0x0000000100000000)
  region size 1024K, 59 young (60416K), 6 survivors (6144K)
 Metaspace       used 57487K, committed 59200K, reserved 1114112K
  class space    used 8076K, committed 8896K, reserved 1048576K
}
Event: 14.683 GC heap after
{Heap after GC invocations=18 (full 0):
 garbage-first heap   total 141312K, used 70313K [0x00000000a0000000, 0x0000000100000000)
  region size 1024K, 2 young (2048K), 2 survivors (2048K)
 Metaspace       used 57487K, committed 59200K, reserved 1114112K
  class space    used 8076K, committed 8896K, reserved 1048576K
}
Event: 15.478 GC heap before
{Heap before GC invocations=18 (full 0):
 garbage-first heap   total 141312K, used 105129K [0x00000000a0000000, 0x0000000100000000)
  region size 1024K, 37 young (37888K), 2 survivors (2048K)
 Metaspace       used 61579K, committed 63552K, reserved 1114112K
  class space    used 8647K, committed 9600K, reserved 1048576K
}
Event: 15.483 GC heap after
{Heap after GC invocations=19 (full 0):
 garbage-first heap   total 141312K, used 72943K [0x00000000a0000000, 0x0000000100000000)
  region size 1024K, 5 young (5120K), 5 survivors (5120K)
 Metaspace       used 61579K, committed 63552K, reserved 1114112K
  class space    used 8647K, committed 9600K, reserved 1048576K
}
Event: 16.560 GC heap before
{Heap before GC invocations=20 (full 0):
 garbage-first heap   total 141312K, used 131311K [0x00000000a0000000, 0x0000000100000000)
  region size 1024K, 57 young (58368K), 5 survivors (5120K)
 Metaspace       used 64620K, committed 66560K, reserved 1114112K
  class space    used 9072K, committed 10048K, reserved 1048576K
}
Event: 16.567 GC heap after
{Heap after GC invocations=21 (full 0):
 garbage-first heap   total 142336K, used 78113K [0x00000000a0000000, 0x0000000100000000)
  region size 1024K, 8 young (8192K), 8 survivors (8192K)
 Metaspace       used 64620K, committed 66560K, reserved 1114112K
  class space    used 9072K, committed 10048K, reserved 1048576K
}
Event: 17.216 GC heap before
{Heap before GC invocations=21 (full 0):
 garbage-first heap   total 142336K, used 127265K [0x00000000a0000000, 0x0000000100000000)
  region size 1024K, 56 young (57344K), 8 survivors (8192K)
 Metaspace       used 65811K, committed 67712K, reserved 1114112K
  class space    used 9229K, committed 10176K, reserved 1048576K
}
Event: 17.225 GC heap after
{Heap after GC invocations=22 (full 0):
 garbage-first heap   total 142336K, used 80838K [0x00000000a0000000, 0x0000000100000000)
  region size 1024K, 4 young (4096K), 4 survivors (4096K)
 Metaspace       used 65811K, committed 67712K, reserved 1114112K
  class space    used 9229K, committed 10176K, reserved 1048576K
}
Event: 18.186 GC heap before
{Heap before GC invocations=22 (full 0):
 garbage-first heap   total 142336K, used 128966K [0x00000000a0000000, 0x0000000100000000)
  region size 1024K, 51 young (52224K), 4 survivors (4096K)
 Metaspace       used 68810K, committed 70784K, reserved 1114112K
  class space    used 9631K, committed 10624K, reserved 1048576K
}
Event: 18.191 GC heap after
{Heap after GC invocations=23 (full 0):
 garbage-first heap   total 142336K, used 84402K [0x00000000a0000000, 0x0000000100000000)
  region size 1024K, 7 young (7168K), 7 survivors (7168K)
 Metaspace       used 68810K, committed 70784K, reserved 1114112K
  class space    used 9631K, committed 10624K, reserved 1048576K
}
Event: 19.099 GC heap before
{Heap before GC invocations=24 (full 0):
 garbage-first heap   total 142336K, used 130482K [0x00000000a0000000, 0x0000000100000000)
  region size 1024K, 52 young (53248K), 7 survivors (7168K)
 Metaspace       used 72425K, committed 74432K, reserved 1114112K
  class space    used 10215K, committed 11200K, reserved 1048576K
}
Event: 19.104 GC heap after
{Heap after GC invocations=25 (full 0):
 garbage-first heap   total 142336K, used 85504K [0x00000000a0000000, 0x0000000100000000)
  region size 1024K, 5 young (5120K), 5 survivors (5120K)
 Metaspace       used 72425K, committed 74432K, reserved 1114112K
  class space    used 10215K, committed 11200K, reserved 1048576K
}
Event: 20.113 GC heap before
{Heap before GC invocations=25 (full 0):
 garbage-first heap   total 142336K, used 131584K [0x00000000a0000000, 0x0000000100000000)
  region size 1024K, 50 young (51200K), 5 survivors (5120K)
 Metaspace       used 76066K, committed 78144K, reserved 1179648K
  class space    used 10794K, committed 11840K, reserved 1048576K
}
Event: 20.120 GC heap after
{Heap after GC invocations=26 (full 0):
 garbage-first heap   total 142336K, used 87346K [0x00000000a0000000, 0x0000000100000000)
  region size 1024K, 4 young (4096K), 4 survivors (4096K)
 Metaspace       used 76066K, committed 78144K, reserved 1179648K
  class space    used 10794K, committed 11840K, reserved 1048576K
}
Event: 20.694 GC heap before
{Heap before GC invocations=26 (full 0):
 garbage-first heap   total 142336K, used 132402K [0x00000000a0000000, 0x0000000100000000)
  region size 1024K, 48 young (49152K), 4 survivors (4096K)
 Metaspace       used 76317K, committed 78400K, reserved 1179648K
  class space    used 10815K, committed 11840K, reserved 1048576K
}
Event: 20.702 GC heap after
{Heap after GC invocations=27 (full 0):
 garbage-first heap   total 142336K, used 91451K [0x00000000a0000000, 0x0000000100000000)
  region size 1024K, 6 young (6144K), 6 survivors (6144K)
 Metaspace       used 76317K, committed 78400K, reserved 1179648K
  class space    used 10815K, committed 11840K, reserved 1048576K
}

